Sun Nov 24 15:26:46 2024: === Новая сессия трекера ===
Sun Nov 24 15:26:46 2024: Трекер запущен. Для выхода нажмите 'q'
Sun Nov 24 15:26:53 2024: Нажата клавиша: w
Sun Nov 24 15:26:54 2024: Нажата клавиша: e
Sun Nov 24 15:26:54 2024: Нажата клавиша: r
Sun Nov 24 15:26:54 2024: Нажата клавиша: t
Sun Nov 24 15:26:55 2024: Нажата клавиша: y
Sun Nov 24 15:26:55 2024: Нажата клавиша: u
Sun Nov 24 15:26:55 2024: Нажата клавиша: i
Sun Nov 24 15:26:56 2024: Нажата клавиша: o
Sun Nov 24 15:26:56 2024: Нажата клавиша: p
Sun Nov 24 15:26:57 2024: Нажата клавиша: bracketleft
Sun Nov 24 15:26:57 2024: Нажата клавиша: bracketright
Sun Nov 24 15:26:57 2024: Нажата клавиша: apostrophe
Sun Nov 24 15:26:58 2024: Нажата клавиша: semicolon
Sun Nov 24 15:26:58 2024: Нажата клавиша: l
Sun Nov 24 15:26:58 2024: Нажата клавиша: k
Sun Nov 24 15:26:58 2024: Нажата клавиша: j
Sun Nov 24 15:26:59 2024: Нажата клавиша: h
Sun Nov 24 15:26:59 2024: Нажата клавиша: g
Sun Nov 24 15:26:59 2024: Нажата клавиша: f
Sun Nov 24 15:26:59 2024: Нажата клавиша: d
Sun Nov 24 15:27:00 2024: Нажата клавиша: s
Sun Nov 24 15:27:00 2024: Нажата клавиша: a
Sun Nov 24 15:27:02 2024: Нажата клавиша: Caps_Lock
Sun Nov 24 15:27:03 2024: Нажата клавиша: Shift_L
Sun Nov 24 15:27:04 2024: Нажата клавиша: z
Sun Nov 24 15:27:05 2024: Нажата клавиша: x
Sun Nov 24 15:27:05 2024: Нажата клавиша: c
Sun Nov 24 15:27:06 2024: Нажата клавиша: v
Sun Nov 24 15:27:06 2024: Нажата клавиша: b
Sun Nov 24 15:27:06 2024: Нажата клавиша: n
Sun Nov 24 15:27:07 2024: Нажата клавиша: m
Sun Nov 24 15:27:07 2024: Нажата клавиша: comma
Sun Nov 24 15:27:07 2024: Нажата клавиша: period
Sun Nov 24 15:27:08 2024: Нажата клавиша: slash
Sun Nov 24 15:27:09 2024: Нажата клавиша: Control_L
Sun Nov 24 15:27:18 2024: Нажата клавиша: KP_End
Sun Nov 24 15:27:18 2024: Нажата клавиша: KP_Left
Sun Nov 24 15:27:19 2024: Нажата клавиша: KP_Home
Sun Nov 24 15:27:20 2024: Нажата клавиша: KP_Up
Sun Nov 24 15:27:20 2024: Нажата клавиша: KP_Prior
Sun Nov 24 15:27:20 2024: Нажата клавиша: KP_Right
Sun Nov 24 15:27:21 2024: Нажата клавиша: KP_Begin
Sun Nov 24 15:27:21 2024: Нажата клавиша: KP_Down
Sun Nov 24 15:27:21 2024: Нажата клавиша: KP_Next
Sun Nov 24 15:27:21 2024: Нажата клавиша: KP_Delete
Sun Nov 24 15:27:22 2024: Нажата клавиша: 1
Sun Nov 24 15:27:23 2024: Нажата клавиша: 2
Sun Nov 24 15:27:23 2024: Нажата клавиша: 3
Sun Nov 24 15:27:23 2024: Нажата клавиша: 4
Sun Nov 24 15:27:23 2024: Нажата клавиша: 5
Sun Nov 24 15:27:24 2024: Нажата клавиша: 6
Sun Nov 24 15:27:24 2024: Нажата клавиша: 7
Sun Nov 24 15:27:24 2024: Нажата клавиша: 8
Sun Nov 24 15:27:25 2024: Нажата клавиша: 9
Sun Nov 24 15:27:25 2024: Нажата клавиша: 0
Sun Nov 24 15:27:25 2024: Нажата клавиша: minus
Sun Nov 24 15:27:26 2024: Нажата клавиша: equal
Sun Nov 24 15:27:26 2024: Нажата клавиша: BackSpace
Sun Nov 24 15:27:28 2024: Нажата клавиша: Insert
Sun Nov 24 15:27:28 2024: Нажата клавиша: Home
Sun Nov 24 15:27:29 2024: Нажата клавиша: Prior
Sun Nov 24 15:27:29 2024: Нажата клавиша: Next
Sun Nov 24 15:27:30 2024: Нажата клавиша: End
Sun Nov 24 15:27:33 2024: Нажата клавиша: Left
Sun Nov 24 15:27:33 2024: Нажата клавиша: Down
Sun Nov 24 15:27:34 2024: Нажата клавиша: Right
Sun Nov 24 15:27:34 2024: Нажата клавиша: Up
Sun Nov 24 15:27:37 2024: Нажата клавиша: q
Sun Nov 24 15:27:37 2024: Обнаружена клавиша 'q'. Завершение работы...
